app/build/outputs/logs/manifest-merger-debug-report.txt
-- Merging decision tree log ---
manifest
ADDED from src\main\AndroidManifest.xml:2:1-45:12
	package
		ADDED from src\main\AndroidManifest.xml:3:5-35
		INJECTED from src\main\AndroidManifest.xml
		INJECTED from src\main\AndroidManifest.xml
	android:versionName
		ADDED from src\main\AndroidManifest.xml:5:5-30
		INJECTED from src\main\AndroidManifest.xml
		INJECTED from src\main\AndroidManifest.xml
	android:versionCode
		ADDED from src\main\AndroidManifest.xml:4:5-28
		INJECTED from src\main\AndroidManifest.xml
		INJECTED from src\main\AndroidManifest.xml
	xmlns:android
		ADDED from src\main\AndroidManifest.xml:2:11-69
uses-sdk
ADDED from src\main\AndroidManifest.xml:7:5-9:41
MERGED from [com.android.support:support-v4:23.4.0] AndroidManifest.xml:20:5-43
	android:targetSdkVersion
		ADDED from src\main\AndroidManifest.xml:9:9-38
		INJECTED from src\main\AndroidManifest.xml
		INJECTED from src\main\AndroidManifest.xml
	android:minSdkVersion
		ADDED from src\main\AndroidManifest.xml:8:9-35
		INJECTED from src\main\AndroidManifest.xml
		INJECTED from src\main\AndroidManifest.xml
uses-permission#android.permission.INTERNET
ADDED from src\main\AndroidManifest.xml:12:5-67
	android:name
		ADDED from src\main\AndroidManifest.xml:12:22-64
uses-permission#android.permission.WRITE_EXTERNAL_STORAGE
ADDED from src\main\AndroidManifest.xml:14:5-81
	android:name
		ADDED from src\main\AndroidManifest.xml:14:22-78
uses-permission#android.permission.MOUNT_UNMOUNT_FILESYSTEMS
ADDED from src\main\AndroidManifest.xml:15:5-84
	android:name
		ADDED from src\main\AndroidManifest.xml:15:22-81
uses-permission#android.permission.RECORD_AUDIO
ADDED from src\main\AndroidManifest.xml:17:5-71
	android:name
		ADDED from src\main\AndroidManifest.xml:17:22-68
application
ADDED from src\main\AndroidManifest.xml:19:5-43:19
MERGED from [com.android.support:support-v4:23.4.0] AndroidManifest.xml:22:5-20
	android:label
		ADDED from src\main\AndroidManifest.xml:23:9-41
	android:allowBackup
		ADDED from src\main\AndroidManifest.xml:21:9-35
	android:icon
		ADDED from src\main\AndroidManifest.xml:22:9-38
	android:theme
		ADDED from src\main\AndroidManifest.xml:24:9-62
	android:name
		ADDED from src\main\AndroidManifest.xml:20:9-52
activity#com.wuxinaedu.weixin.activity.WelcomeActivity
ADDED from src\main\AndroidManifest.xml:25:9-33:20
	android:label
		ADDED from src\main\AndroidManifest.xml:27:13-45
	android:name
		ADDED from src\main\AndroidManifest.xml:26:13-53
intent-filter#android.intent.action.MAIN+android.intent.category.LAUNCHER
ADDED from src\main\AndroidManifest.xml:28:13-32:29
action#android.intent.action.MAIN
ADDED from src\main\AndroidManifest.xml:29:17-69
	android:name
		ADDED from src\main\AndroidManifest.xml:29:25-66
category#android.intent.category.LAUNCHER
ADDED from src\main\AndroidManifest.xml:31:17-77
	android:name
		ADDED from src\main\AndroidManifest.xml:31:27-74
activity#com.wuxinaedu.weixin.activity.MainActivity
ADDED from src\main\AndroidManifest.xml:34:9-59
	android:name
		ADDED from src\main\AndroidManifest.xml:34:19-56
activity#com.wuxinaedu.weixin.activity.LoginActivity
ADDED from src\main\AndroidManifest.xml:35:9-60
	android:name
		ADDED from src\main\AndroidManifest.xml:35:19-57
activity#com.wuxinaedu.weixin.activity.SettingActivity
ADDED from src\main\AndroidManifest.xml:36:9-82
	android:name
		ADDED from src\main\AndroidManifest.xml:36:19-79
activity#com.wuxinaedu.weixin.activity.FriendsActivity
ADDED from src\main\AndroidManifest.xml:37:9-82
	android:name
		ADDED from src\main\AndroidManifest.xml:37:19-79
activity#com.wuxinaedu.weixin.activity.ImageDetailActivity
ADDED from src\main\AndroidManifest.xml:38:9-86
	android:name
		ADDED from src\main\AndroidManifest.xml:38:19-83
activity#com.wuxinaedu.weixin.activity.DetailsActivity
ADDED from src\main\AndroidManifest.xml:39:9-82
	android:name
		ADDED from src\main\AndroidManifest.xml:39:19-79
activity#com.wuxinaedu.weixin.activity.AddFriendsActivity
ADDED from src\main\AndroidManifest.xml:40:9-85
	android:name
		ADDED from src\main\AndroidManifest.xml:40:19-82
activity#com.wuxinaedu.weixin.activity.GroupActivity
ADDED from src\main\AndroidManifest.xml:41:9-80
	android:name
		ADDED from src\main\AndroidManifest.xml:41:19-77
activity#com.wuxinaedu.weixin.activity.ChatActivity
ADDED from src\main\AndroidManifest.xml:42:9-79
	android:name
		ADDED from src\main\AndroidManifest.xml:42:19-76